parseFile()

line 34: CLIENT TRANSACTIONS

line 50: CLIENT TRANSACTIONS

line 51: Plan Type:

('OPEN', ' (Joint)')
Current bag_name is: OPEN
Current bag is: ['o']

FIND_FUND line 52 = Plan ID:

FIND_FUND line 53 = 78512

FIND_FUND line 54 = Opened In:

FIND_FUND line 55 = Client Name

FIND_FUND line 56 = Beneficiary:

FIND_FUND line 57 = Owner(s):

FIND_FUND line 58 = Mark H. Sattolo, Louise Robb

FIND_FUND line 59 = In-Trust for:

FIND_FUND line 60 = Description:

FIND_FUND line 61 = CI Investments/CIG 11461-Signature Diversified Yield II Fund A   Account # 106035991

('CIG 11461',)
Current fund_name is: CIG 11461
FIND_NEXT_TX line 61 = 

FIND_NEXT_TX line 62 = Trade Date

FIND_NEXT_TX line 63 = Description

FIND_NEXT_TX line 64 = Gross

FIND_NEXT_TX line 65 = Net

FIND_NEXT_TX line 66 = Units

FIND_NEXT_TX line 67 = Price

FIND_NEXT_TX line 68 = Unit Balance

FIND_NEXT_TX line 69 = 

FIND_NEXT_TX line 70 = 10/26/2018

('10/26/2018',)
Current tx_date is: 10/26/2018
line 115: Plan Type:

('TFSA', ' (Individual)')
Current bag_name is: TFSA
Current bag is: ['t']

FIND_FUND line 116 = Plan ID:

FIND_FUND line 117 = 300787

FIND_FUND line 118 = Registered In:

FIND_FUND line 119 = Client Name

FIND_FUND line 120 = Beneficiary:

FIND_FUND line 121 = Owner(s):

FIND_FUND line 122 = Mark H. Sattolo

FIND_FUND line 123 = In-Trust for:

FIND_FUND line 124 = Description:

FIND_FUND line 125 = Franklin Templeton Investments/TML 674-Templeton Global Bond Fund Series A   Account # 4963030

('TML 674',)
Current fund_name is: TML 674
FIND_NEXT_TX line 125 = 

FIND_NEXT_TX line 126 = Trade Date

FIND_NEXT_TX line 127 = Description

FIND_NEXT_TX line 128 = Gross

FIND_NEXT_TX line 129 = Net

FIND_NEXT_TX line 130 = Units

FIND_NEXT_TX line 131 = Price

FIND_NEXT_TX line 132 = Unit Balance

FIND_NEXT_TX line 133 = 

FIND_NEXT_TX line 134 = 10/30/2018

('10/30/2018',)
Current tx_date is: 10/30/2018
line 235: Plan Type:

('RRSP', ' (Individual)')
Current bag_name is: RRSP
Current bag is: ['r']

FIND_FUND line 236 = Plan ID:

FIND_FUND line 237 = 278827

FIND_FUND line 238 = Registered In:

FIND_FUND line 239 = Client Name

FIND_FUND line 240 = Beneficiary:

FIND_FUND line 241 = Louise Robb

FIND_FUND line 242 = Owner(s):

FIND_FUND line 243 = Mark H. Sattolo

FIND_FUND line 244 = In-Trust for:

FIND_FUND line 245 = Description:

FIND_FUND line 246 = Mackenzie Financial Corp./MFC 856-Mackenzie Corporate Bond Fund Series A   Account # 64665893

('MFC 856',)
Current fund_name is: MFC 856
FIND_NEXT_TX line 246 = 

FIND_NEXT_TX line 247 = Trade Date

FIND_NEXT_TX line 248 = Description

FIND_NEXT_TX line 249 = Gross

FIND_NEXT_TX line 250 = Net

FIND_NEXT_TX line 251 = Units

FIND_NEXT_TX line 252 = Price

FIND_NEXT_TX line 253 = Unit Balance

FIND_NEXT_TX line 254 = 

FIND_NEXT_TX line 255 = 10/19/2018

('10/19/2018',)
Current tx_date is: 10/19/2018
